mode: atomic
knative.dev/eventing-natss/pkg/apis/messaging/v1beta1/register.go:30.41,32.2 1 0
knative.dev/eventing-natss/pkg/apis/messaging/v1beta1/register.go:35.53,37.2 1 0
knative.dev/eventing-natss/pkg/apis/messaging/v1beta1/register.go:45.50,52.2 3 0
knative.dev/eventing-natss/pkg/apis/messaging/v1beta1/zz_generated.deepcopy.go:29.57,36.2 6 0
knative.dev/eventing-natss/pkg/apis/messaging/v1beta1/zz_generated.deepcopy.go:39.50,40.15 1 0
knative.dev/eventing-natss/pkg/apis/messaging/v1beta1/zz_generated.deepcopy.go:43.2,45.12 3 0
knative.dev/eventing-natss/pkg/apis/messaging/v1beta1/zz_generated.deepcopy.go:40.15,42.3 1 0
knative.dev/eventing-natss/pkg/apis/messaging/v1beta1/zz_generated.deepcopy.go:49.57,50.34 1 0
knative.dev/eventing-natss/pkg/apis/messaging/v1beta1/zz_generated.deepcopy.go:53.2,53.12 1 0
knative.dev/eventing-natss/pkg/apis/messaging/v1beta1/zz_generated.deepcopy.go:50.34,52.3 1 0
knative.dev/eventing-natss/pkg/apis/messaging/v1beta1/zz_generated.deepcopy.go:57.65,61.21 4 0
knative.dev/eventing-natss/pkg/apis/messaging/v1beta1/zz_generated.deepcopy.go:68.2,68.8 1 0
knative.dev/eventing-natss/pkg/apis/messaging/v1beta1/zz_generated.deepcopy.go:61.21,64.22 3 0
knative.dev/eventing-natss/pkg/apis/messaging/v1beta1/zz_generated.deepcopy.go:64.22,66.4 1 0
knative.dev/eventing-natss/pkg/apis/messaging/v1beta1/zz_generated.deepcopy.go:72.58,73.15 1 0
knative.dev/eventing-natss/pkg/apis/messaging/v1beta1/zz_generated.deepcopy.go:76.2,78.12 3 0
knative.dev/eventing-natss/pkg/apis/messaging/v1beta1/zz_generated.deepcopy.go:73.15,75.3 1 0
knative.dev/eventing-natss/pkg/apis/messaging/v1beta1/zz_generated.deepcopy.go:82.61,83.34 1 0
knative.dev/eventing-natss/pkg/apis/messaging/v1beta1/zz_generated.deepcopy.go:86.2,86.12 1 0
knative.dev/eventing-natss/pkg/apis/messaging/v1beta1/zz_generated.deepcopy.go:83.34,85.3 1 0
knative.dev/eventing-natss/pkg/apis/messaging/v1beta1/zz_generated.deepcopy.go:90.65,94.2 3 0
knative.dev/eventing-natss/pkg/apis/messaging/v1beta1/zz_generated.deepcopy.go:97.58,98.15 1 0
knative.dev/eventing-natss/pkg/apis/messaging/v1beta1/zz_generated.deepcopy.go:101.2,103.12 3 0
knative.dev/eventing-natss/pkg/apis/messaging/v1beta1/zz_generated.deepcopy.go:98.15,100.3 1 0
knative.dev/eventing-natss/pkg/apis/messaging/v1beta1/zz_generated.deepcopy.go:107.69,111.2 3 0
knative.dev/eventing-natss/pkg/apis/messaging/v1beta1/zz_generated.deepcopy.go:114.62,115.15 1 0
knative.dev/eventing-natss/pkg/apis/messaging/v1beta1/zz_generated.deepcopy.go:118.2,120.12 3 0
knative.dev/eventing-natss/pkg/apis/messaging/v1beta1/zz_generated.deepcopy.go:115.15,117.3 1 0
knative.dev/eventing-natss/pkg/apis/messaging/v1beta1/natss_channel_defaults.go:25.57,31.26 1 0
knative.dev/eventing-natss/pkg/apis/messaging/v1beta1/natss_channel_defaults.go:34.2,34.78 1 0
knative.dev/eventing-natss/pkg/apis/messaging/v1beta1/natss_channel_defaults.go:38.2,38.25 1 0
knative.dev/eventing-natss/pkg/apis/messaging/v1beta1/natss_channel_defaults.go:31.26,33.3 1 0
knative.dev/eventing-natss/pkg/apis/messaging/v1beta1/natss_channel_defaults.go:34.78,36.3 1 0
knative.dev/eventing-natss/pkg/apis/messaging/v1beta1/natss_channel_defaults.go:41.63,43.2 0 0
knative.dev/eventing-natss/pkg/apis/messaging/v1beta1/natss_channel_lifecycle.go:61.58,63.2 1 1
knative.dev/eventing-natss/pkg/apis/messaging/v1beta1/natss_channel_lifecycle.go:66.53,68.2 1 0
knative.dev/eventing-natss/pkg/apis/messaging/v1beta1/natss_channel_lifecycle.go:71.82,73.2 1 2
knative.dev/eventing-natss/pkg/apis/messaging/v1beta1/natss_channel_lifecycle.go:76.46,78.2 1 6
knative.dev/eventing-natss/pkg/apis/messaging/v1beta1/natss_channel_lifecycle.go:81.54,83.2 1 9
knative.dev/eventing-natss/pkg/apis/messaging/v1beta1/natss_channel_lifecycle.go:86.57,88.16 2 7
knative.dev/eventing-natss/pkg/apis/messaging/v1beta1/natss_channel_lifecycle.go:88.16,90.3 1 6
knative.dev/eventing-natss/pkg/apis/messaging/v1beta1/natss_channel_lifecycle.go:90.8,92.3 1 1
knative.dev/eventing-natss/pkg/apis/messaging/v1beta1/natss_channel_lifecycle.go:95.107,97.2 1 1
knative.dev/eventing-natss/pkg/apis/messaging/v1beta1/natss_channel_lifecycle.go:100.86,101.37 1 6
knative.dev/eventing-natss/pkg/apis/messaging/v1beta1/natss_channel_lifecycle.go:101.37,102.46 1 6
knative.dev/eventing-natss/pkg/apis/messaging/v1beta1/natss_channel_lifecycle.go:102.46,103.43 1 6
knative.dev/eventing-natss/pkg/apis/messaging/v1beta1/natss_channel_lifecycle.go:103.43,105.5 1 1
knative.dev/eventing-natss/pkg/apis/messaging/v1beta1/natss_channel_lifecycle.go:105.10,107.5 1 5
knative.dev/eventing-natss/pkg/apis/messaging/v1beta1/natss_channel_lifecycle.go:112.104,114.2 1 1
knative.dev/eventing-natss/pkg/apis/messaging/v1beta1/natss_channel_lifecycle.go:116.49,118.2 1 5
knative.dev/eventing-natss/pkg/apis/messaging/v1beta1/natss_channel_lifecycle.go:120.111,122.2 1 5
knative.dev/eventing-natss/pkg/apis/messaging/v1beta1/natss_channel_lifecycle.go:124.56,126.2 1 1
knative.dev/eventing-natss/pkg/apis/messaging/v1beta1/natss_channel_lifecycle.go:128.106,130.2 1 1
knative.dev/eventing-natss/pkg/apis/messaging/v1beta1/natss_channel_lifecycle.go:132.51,134.2 1 5
knative.dev/eventing-natss/pkg/apis/messaging/v1beta1/natss_channel_types.go:91.68,93.2 1 1
knative.dev/eventing-natss/pkg/apis/messaging/v1beta1/natss_channel_types.go:96.51,98.2 1 1
knative.dev/eventing-natss/pkg/apis/messaging/v1beta1/natss_channel_validation.go:28.71,32.26 2 4
knative.dev/eventing-natss/pkg/apis/messaging/v1beta1/natss_channel_validation.go:41.2,41.13 1 4
knative.dev/eventing-natss/pkg/apis/messaging/v1beta1/natss_channel_validation.go:32.26,33.66 1 0
knative.dev/eventing-natss/pkg/apis/messaging/v1beta1/natss_channel_validation.go:33.66,34.74 1 0
knative.dev/eventing-natss/pkg/apis/messaging/v1beta1/natss_channel_validation.go:34.74,38.5 3 0
knative.dev/eventing-natss/pkg/apis/messaging/v1beta1/natss_channel_validation.go:44.76,46.44 2 4
knative.dev/eventing-natss/pkg/apis/messaging/v1beta1/natss_channel_validation.go:53.2,53.13 1 4
knative.dev/eventing-natss/pkg/apis/messaging/v1beta1/natss_channel_validation.go:46.44,47.68 1 5
knative.dev/eventing-natss/pkg/apis/messaging/v1beta1/natss_channel_validation.go:47.68,51.4 3 3
knative.dev/eventing-natss/pkg/apis/messaging/v1alpha1/nats_jetstream_lifecycle.go:66.66,68.2 1 1
knative.dev/eventing-natss/pkg/apis/messaging/v1alpha1/nats_jetstream_lifecycle.go:71.61,73.2 1 0
knative.dev/eventing-natss/pkg/apis/messaging/v1alpha1/nats_jetstream_lifecycle.go:76.90,78.2 1 2
knative.dev/eventing-natss/pkg/apis/messaging/v1alpha1/nats_jetstream_lifecycle.go:81.54,83.2 1 8
knative.dev/eventing-natss/pkg/apis/messaging/v1alpha1/nats_jetstream_lifecycle.go:86.62,88.2 1 11
knative.dev/eventing-natss/pkg/apis/messaging/v1alpha1/nats_jetstream_lifecycle.go:91.65,93.16 2 9
knative.dev/eventing-natss/pkg/apis/messaging/v1alpha1/nats_jetstream_lifecycle.go:93.16,95.3 1 8
knative.dev/eventing-natss/pkg/apis/messaging/v1alpha1/nats_jetstream_lifecycle.go:95.8,97.3 1 1
knative.dev/eventing-natss/pkg/apis/messaging/v1alpha1/nats_jetstream_lifecycle.go:100.115,102.2 1 1
knative.dev/eventing-natss/pkg/apis/messaging/v1alpha1/nats_jetstream_lifecycle.go:104.116,106.2 1 0
knative.dev/eventing-natss/pkg/apis/messaging/v1alpha1/nats_jetstream_lifecycle.go:108.60,110.2 1 0
knative.dev/eventing-natss/pkg/apis/messaging/v1alpha1/nats_jetstream_lifecycle.go:113.94,114.37 1 8
knative.dev/eventing-natss/pkg/apis/messaging/v1alpha1/nats_jetstream_lifecycle.go:114.37,115.46 1 8
knative.dev/eventing-natss/pkg/apis/messaging/v1alpha1/nats_jetstream_lifecycle.go:115.46,116.43 1 8
knative.dev/eventing-natss/pkg/apis/messaging/v1alpha1/nats_jetstream_lifecycle.go:116.43,118.5 1 1
knative.dev/eventing-natss/pkg/apis/messaging/v1alpha1/nats_jetstream_lifecycle.go:118.10,120.5 1 7
knative.dev/eventing-natss/pkg/apis/messaging/v1alpha1/nats_jetstream_lifecycle.go:125.112,127.2 1 3
knative.dev/eventing-natss/pkg/apis/messaging/v1alpha1/nats_jetstream_lifecycle.go:129.113,131.2 1 0
knative.dev/eventing-natss/pkg/apis/messaging/v1alpha1/nats_jetstream_lifecycle.go:133.57,135.2 1 7
knative.dev/eventing-natss/pkg/apis/messaging/v1alpha1/nats_jetstream_lifecycle.go:137.119,139.2 1 5
knative.dev/eventing-natss/pkg/apis/messaging/v1alpha1/nats_jetstream_lifecycle.go:141.64,143.2 1 3
knative.dev/eventing-natss/pkg/apis/messaging/v1alpha1/nats_jetstream_lifecycle.go:145.114,147.2 1 1
knative.dev/eventing-natss/pkg/apis/messaging/v1alpha1/nats_jetstream_lifecycle.go:149.59,151.2 1 7
knative.dev/eventing-natss/pkg/apis/messaging/v1alpha1/nats_jetstream_lifecycle.go:153.111,155.2 1 2
knative.dev/eventing-natss/pkg/apis/messaging/v1alpha1/nats_jetstream_lifecycle.go:157.56,159.2 1 12
knative.dev/eventing-natss/pkg/apis/messaging/v1alpha1/nats_jetstream_types.go:327.76,329.2 1 1
knative.dev/eventing-natss/pkg/apis/messaging/v1alpha1/nats_jetstream_types.go:332.59,334.2 1 1
knative.dev/eventing-natss/pkg/apis/messaging/v1alpha1/register.go:30.41,32.2 1 0
knative.dev/eventing-natss/pkg/apis/messaging/v1alpha1/register.go:35.53,37.2 1 0
knative.dev/eventing-natss/pkg/apis/messaging/v1alpha1/register.go:45.50,52.2 3 0
knative.dev/eventing-natss/pkg/apis/messaging/v1alpha1/zz_generated.deepcopy.go:29.77,31.28 2 0
knative.dev/eventing-natss/pkg/apis/messaging/v1alpha1/zz_generated.deepcopy.go:35.2,36.8 2 0
knative.dev/eventing-natss/pkg/apis/messaging/v1alpha1/zz_generated.deepcopy.go:31.28,34.3 2 0
knative.dev/eventing-natss/pkg/apis/messaging/v1alpha1/zz_generated.deepcopy.go:40.70,41.15 1 0
knative.dev/eventing-natss/pkg/apis/messaging/v1alpha1/zz_generated.deepcopy.go:44.2,46.12 3 0
knative.dev/eventing-natss/pkg/apis/messaging/v1alpha1/zz_generated.deepcopy.go:41.15,43.3 1 0
knative.dev/eventing-natss/pkg/apis/messaging/v1alpha1/zz_generated.deepcopy.go:50.73,57.2 6 0
knative.dev/eventing-natss/pkg/apis/messaging/v1alpha1/zz_generated.deepcopy.go:60.66,61.15 1 0
knative.dev/eventing-natss/pkg/apis/messaging/v1alpha1/zz_generated.deepcopy.go:64.2,66.12 3 0
knative.dev/eventing-natss/pkg/apis/messaging/v1alpha1/zz_generated.deepcopy.go:61.15,63.3 1 0
knative.dev/eventing-natss/pkg/apis/messaging/v1alpha1/zz_generated.deepcopy.go:70.65,71.34 1 0
knative.dev/eventing-natss/pkg/apis/messaging/v1alpha1/zz_generated.deepcopy.go:74.2,74.12 1 0
knative.dev/eventing-natss/pkg/apis/messaging/v1alpha1/zz_generated.deepcopy.go:71.34,73.3 1 0
knative.dev/eventing-natss/pkg/apis/messaging/v1alpha1/zz_generated.deepcopy.go:78.81,82.21 4 0
knative.dev/eventing-natss/pkg/apis/messaging/v1alpha1/zz_generated.deepcopy.go:89.2,89.8 1 0
knative.dev/eventing-natss/pkg/apis/messaging/v1alpha1/zz_generated.deepcopy.go:82.21,85.22 3 0
knative.dev/eventing-natss/pkg/apis/messaging/v1alpha1/zz_generated.deepcopy.go:85.22,87.4 1 0
knative.dev/eventing-natss/pkg/apis/messaging/v1alpha1/zz_generated.deepcopy.go:93.74,94.15 1 0
knative.dev/eventing-natss/pkg/apis/messaging/v1alpha1/zz_generated.deepcopy.go:97.2,99.12 3 0
knative.dev/eventing-natss/pkg/apis/messaging/v1alpha1/zz_generated.deepcopy.go:94.15,96.3 1 0
knative.dev/eventing-natss/pkg/apis/messaging/v1alpha1/zz_generated.deepcopy.go:103.69,104.34 1 0
knative.dev/eventing-natss/pkg/apis/messaging/v1alpha1/zz_generated.deepcopy.go:107.2,107.12 1 0
knative.dev/eventing-natss/pkg/apis/messaging/v1alpha1/zz_generated.deepcopy.go:104.34,106.3 1 0
knative.dev/eventing-natss/pkg/apis/messaging/v1alpha1/zz_generated.deepcopy.go:111.81,115.38 4 0
knative.dev/eventing-natss/pkg/apis/messaging/v1alpha1/zz_generated.deepcopy.go:120.2,120.8 1 0
knative.dev/eventing-natss/pkg/apis/messaging/v1alpha1/zz_generated.deepcopy.go:115.38,119.3 3 0
knative.dev/eventing-natss/pkg/apis/messaging/v1alpha1/zz_generated.deepcopy.go:124.74,125.15 1 0
knative.dev/eventing-natss/pkg/apis/messaging/v1alpha1/zz_generated.deepcopy.go:128.2,130.12 3 0
knative.dev/eventing-natss/pkg/apis/messaging/v1alpha1/zz_generated.deepcopy.go:125.15,127.3 1 0
knative.dev/eventing-natss/pkg/apis/messaging/v1alpha1/zz_generated.deepcopy.go:134.85,138.2 3 0
knative.dev/eventing-natss/pkg/apis/messaging/v1alpha1/zz_generated.deepcopy.go:141.78,142.15 1 0
knative.dev/eventing-natss/pkg/apis/messaging/v1alpha1/zz_generated.deepcopy.go:145.2,147.12 3 0
knative.dev/eventing-natss/pkg/apis/messaging/v1alpha1/zz_generated.deepcopy.go:142.15,144.3 1 0
knative.dev/eventing-natss/pkg/apis/messaging/v1alpha1/zz_generated.deepcopy.go:151.45,153.22 2 0
knative.dev/eventing-natss/pkg/apis/messaging/v1alpha1/zz_generated.deepcopy.go:158.2,158.8 1 0
knative.dev/eventing-natss/pkg/apis/messaging/v1alpha1/zz_generated.deepcopy.go:153.22,157.3 3 0
knative.dev/eventing-natss/pkg/apis/messaging/v1alpha1/zz_generated.deepcopy.go:162.38,163.15 1 0
knative.dev/eventing-natss/pkg/apis/messaging/v1alpha1/zz_generated.deepcopy.go:166.2,168.12 3 0
knative.dev/eventing-natss/pkg/apis/messaging/v1alpha1/zz_generated.deepcopy.go:163.15,165.3 1 0
knative.dev/eventing-natss/pkg/apis/messaging/v1alpha1/zz_generated.deepcopy.go:172.57,174.34 2 0
knative.dev/eventing-natss/pkg/apis/messaging/v1alpha1/zz_generated.deepcopy.go:179.2,181.25 3 0
knative.dev/eventing-natss/pkg/apis/messaging/v1alpha1/zz_generated.deepcopy.go:186.2,186.22 1 0
knative.dev/eventing-natss/pkg/apis/messaging/v1alpha1/zz_generated.deepcopy.go:191.2,191.23 1 0
knative.dev/eventing-natss/pkg/apis/messaging/v1alpha1/zz_generated.deepcopy.go:198.2,198.8 1 0
knative.dev/eventing-natss/pkg/apis/messaging/v1alpha1/zz_generated.deepcopy.go:174.34,178.3 3 0
knative.dev/eventing-natss/pkg/apis/messaging/v1alpha1/zz_generated.deepcopy.go:181.25,185.3 3 0
knative.dev/eventing-natss/pkg/apis/messaging/v1alpha1/zz_generated.deepcopy.go:186.22,190.3 3 0
knative.dev/eventing-natss/pkg/apis/messaging/v1alpha1/zz_generated.deepcopy.go:191.23,194.22 3 0
knative.dev/eventing-natss/pkg/apis/messaging/v1alpha1/zz_generated.deepcopy.go:194.22,196.4 1 0
knative.dev/eventing-natss/pkg/apis/messaging/v1alpha1/zz_generated.deepcopy.go:202.50,203.15 1 0
knative.dev/eventing-natss/pkg/apis/messaging/v1alpha1/zz_generated.deepcopy.go:206.2,208.12 3 0
knative.dev/eventing-natss/pkg/apis/messaging/v1alpha1/zz_generated.deepcopy.go:203.15,205.3 1 0
knative.dev/eventing-natss/pkg/apis/messaging/v1alpha1/zz_generated.deepcopy.go:212.63,214.20 2 0
knative.dev/eventing-natss/pkg/apis/messaging/v1alpha1/zz_generated.deepcopy.go:219.2,219.8 1 0
knative.dev/eventing-natss/pkg/apis/messaging/v1alpha1/zz_generated.deepcopy.go:214.20,218.3 3 0
knative.dev/eventing-natss/pkg/apis/messaging/v1alpha1/zz_generated.deepcopy.go:223.56,224.15 1 0
knative.dev/eventing-natss/pkg/apis/messaging/v1alpha1/zz_generated.deepcopy.go:227.2,229.12 3 0
knative.dev/eventing-natss/pkg/apis/messaging/v1alpha1/zz_generated.deepcopy.go:224.15,226.3 1 0
knative.dev/eventing-natss/pkg/apis/messaging/v1alpha1/zz_generated.deepcopy.go:233.57,235.28 2 0
knative.dev/eventing-natss/pkg/apis/messaging/v1alpha1/zz_generated.deepcopy.go:239.2,239.8 1 0
knative.dev/eventing-natss/pkg/apis/messaging/v1alpha1/zz_generated.deepcopy.go:235.28,238.3 2 0
knative.dev/eventing-natss/pkg/apis/messaging/v1alpha1/zz_generated.deepcopy.go:243.50,244.15 1 0
knative.dev/eventing-natss/pkg/apis/messaging/v1alpha1/zz_generated.deepcopy.go:247.2,249.12 3 0
knative.dev/eventing-natss/pkg/apis/messaging/v1alpha1/zz_generated.deepcopy.go:244.15,246.3 1 0
knative.dev/eventing-natss/pkg/apis/messaging/v1alpha1/nats_jetstream_channel_defaults.go:25.65,31.26 1 0
knative.dev/eventing-natss/pkg/apis/messaging/v1alpha1/nats_jetstream_channel_defaults.go:34.2,34.78 1 0
knative.dev/eventing-natss/pkg/apis/messaging/v1alpha1/nats_jetstream_channel_defaults.go:38.2,38.25 1 0
knative.dev/eventing-natss/pkg/apis/messaging/v1alpha1/nats_jetstream_channel_defaults.go:31.26,33.3 1 0
knative.dev/eventing-natss/pkg/apis/messaging/v1alpha1/nats_jetstream_channel_defaults.go:34.78,36.3 1 0
knative.dev/eventing-natss/pkg/apis/messaging/v1alpha1/nats_jetstream_channel_defaults.go:41.71,43.2 0 0
knative.dev/eventing-natss/pkg/apis/messaging/v1alpha1/nats_jetstream_channel_validation.go:28.79,32.26 2 4
knative.dev/eventing-natss/pkg/apis/messaging/v1alpha1/nats_jetstream_channel_validation.go:41.2,41.13 1 4
knative.dev/eventing-natss/pkg/apis/messaging/v1alpha1/nats_jetstream_channel_validation.go:32.26,33.66 1 0
knative.dev/eventing-natss/pkg/apis/messaging/v1alpha1/nats_jetstream_channel_validation.go:33.66,34.74 1 0
knative.dev/eventing-natss/pkg/apis/messaging/v1alpha1/nats_jetstream_channel_validation.go:34.74,38.5 3 0
knative.dev/eventing-natss/pkg/apis/messaging/v1alpha1/nats_jetstream_channel_validation.go:44.84,46.44 2 4
knative.dev/eventing-natss/pkg/apis/messaging/v1alpha1/nats_jetstream_channel_validation.go:53.2,53.13 1 4
knative.dev/eventing-natss/pkg/apis/messaging/v1alpha1/nats_jetstream_channel_validation.go:46.44,47.68 1 5
knative.dev/eventing-natss/pkg/apis/messaging/v1alpha1/nats_jetstream_channel_validation.go:47.68,51.4 3 3
knative.dev/eventing-natss/pkg/tracing/tracing.go:29.86,35.2 2 1
knative.dev/eventing-natss/pkg/tracing/tracing.go:37.74,38.80 1 2
knative.dev/eventing-natss/pkg/tracing/tracing.go:38.80,40.3 1 2
knative.dev/eventing-natss/pkg/tracing/tracing.go:43.141,45.9 2 4
knative.dev/eventing-natss/pkg/tracing/tracing.go:50.2,50.61 1 2
knative.dev/eventing-natss/pkg/tracing/tracing.go:45.9,48.3 2 2
knative.dev/eventing-natss/pkg/tracing/tracing.go:53.77,54.20 1 4
knative.dev/eventing-natss/pkg/tracing/tracing.go:57.2,58.9 2 3
knative.dev/eventing-natss/pkg/tracing/tracing.go:61.2,63.46 2 2
knative.dev/eventing-natss/pkg/tracing/tracing.go:54.20,56.3 1 1
knative.dev/eventing-natss/pkg/tracing/tracing.go:58.9,60.3 1 1
knative.dev/eventing-natss/pkg/tracing/tracing.go:66.65,69.8 3 2
knative.dev/eventing-natss/pkg/tracing/tracing.go:72.2,73.8 2 2
knative.dev/eventing-natss/pkg/tracing/tracing.go:76.2,76.26 1 2
knative.dev/eventing-natss/pkg/tracing/tracing.go:69.8,71.3 1 1
knative.dev/eventing-natss/pkg/tracing/tracing.go:73.8,75.3 1 1
knative.dev/eventing-natss/pkg/tracing/tracing.go:79.77,81.35 2 3
knative.dev/eventing-natss/pkg/tracing/tracing.go:84.2,84.59 1 2
knative.dev/eventing-natss/pkg/tracing/tracing.go:89.2,89.17 1 1
knative.dev/eventing-natss/pkg/tracing/tracing.go:81.35,83.3 1 1
knative.dev/eventing-natss/pkg/tracing/tracing.go:84.59,87.3 2 1
knative.dev/eventing-natss/pkg/tracing/tracing.go:92.76,94.35 2 3
knative.dev/eventing-natss/pkg/tracing/tracing.go:97.2,98.16 2 2
knative.dev/eventing-natss/pkg/tracing/tracing.go:103.2,103.17 1 1
knative.dev/eventing-natss/pkg/tracing/tracing.go:94.35,96.3 1 1
knative.dev/eventing-natss/pkg/tracing/tracing.go:98.16,101.3 2 1
knative.dev/eventing-natss/pkg/natsutil/stanutil.go:26.112,29.16 3 1
knative.dev/eventing-natss/pkg/natsutil/stanutil.go:33.2,34.17 2 0
knative.dev/eventing-natss/pkg/natsutil/stanutil.go:29.16,32.3 2 1
knative.dev/eventing-natss/pkg/channel/jetstream/controller/resources/role_binding.go:32.123,34.19 2 0
knative.dev/eventing-natss/pkg/channel/jetstream/controller/resources/role_binding.go:40.2,57.3 1 0
knative.dev/eventing-natss/pkg/channel/jetstream/controller/resources/role_binding.go:34.19,36.3 1 0
knative.dev/eventing-natss/pkg/channel/jetstream/controller/resources/role_binding.go:36.8,38.3 1 0
knative.dev/eventing-natss/pkg/channel/jetstream/controller/resources/service.go:41.52,43.2 1 4
knative.dev/eventing-natss/pkg/channel/jetstream/controller/resources/service.go:47.63,48.41 1 1
knative.dev/eventing-natss/pkg/channel/jetstream/controller/resources/service.go:48.41,54.3 2 1
knative.dev/eventing-natss/pkg/channel/jetstream/controller/resources/service.go:60.104,87.27 2 3
knative.dev/eventing-natss/pkg/channel/jetstream/controller/resources/service.go:92.2,92.17 1 2
knative.dev/eventing-natss/pkg/channel/jetstream/controller/resources/service.go:87.27,88.34 1 2
knative.dev/eventing-natss/pkg/channel/jetstream/controller/resources/service.go:88.34,90.4 1 1
knative.dev/eventing-natss/pkg/channel/jetstream/controller/resources/service_account.go:25.72,32.2 1 0
knative.dev/eventing-natss/pkg/channel/jetstream/controller/resources/dispatcher.go:64.68,68.2 3 0
knative.dev/eventing-natss/pkg/channel/jetstream/controller/resources/dispatcher.go:72.98,76.2 3 0
knative.dev/eventing-natss/pkg/channel/jetstream/controller/resources/dispatcher.go:78.109,81.2 2 0
knative.dev/eventing-natss/pkg/channel/jetstream/controller/resources/dispatcher.go:83.62,97.63 11 0
knative.dev/eventing-natss/pkg/channel/jetstream/controller/resources/dispatcher.go:110.2,110.32 1 0
knative.dev/eventing-natss/pkg/channel/jetstream/controller/resources/dispatcher.go:120.2,120.21 1 0
knative.dev/eventing-natss/pkg/channel/jetstream/controller/resources/dispatcher.go:97.63,98.40 1 0
knative.dev/eventing-natss/pkg/channel/jetstream/controller/resources/dispatcher.go:98.40,101.28 3 0
knative.dev/eventing-natss/pkg/channel/jetstream/controller/resources/dispatcher.go:105.4,105.9 1 0
knative.dev/eventing-natss/pkg/channel/jetstream/controller/resources/dispatcher.go:101.28,103.5 1 0
knative.dev/eventing-natss/pkg/channel/jetstream/controller/resources/dispatcher.go:110.32,111.61 1 0
knative.dev/eventing-natss/pkg/channel/jetstream/controller/resources/dispatcher.go:111.61,112.49 1 0
knative.dev/eventing-natss/pkg/channel/jetstream/controller/resources/dispatcher.go:112.49,115.10 2 0
knative.dev/eventing-natss/pkg/channel/jetstream/controller/resources/dispatcher.go:123.42,173.2 1 0
knative.dev/eventing-natss/pkg/channel/jetstream/controller/resources/dispatcher.go:175.62,190.41 2 0
knative.dev/eventing-natss/pkg/channel/jetstream/controller/resources/dispatcher.go:201.2,213.13 2 0
knative.dev/eventing-natss/pkg/channel/jetstream/controller/resources/dispatcher.go:190.41,199.3 1 0
knative.dev/eventing-natss/pkg/channel/jetstream/controller/resources/dispatcher_service.go:42.62,46.2 3 0
knative.dev/eventing-natss/pkg/channel/jetstream/controller/resources/dispatcher_service.go:50.90,54.2 3 0
knative.dev/eventing-natss/pkg/channel/jetstream/controller/resources/dispatcher_service.go:56.100,59.2 2 0
knative.dev/eventing-natss/pkg/channel/jetstream/controller/resources/dispatcher_service.go:61.60,66.2 4 0
knative.dev/eventing-natss/pkg/channel/jetstream/controller/resources/dispatcher_service.go:68.50,90.2 1 0
knative.dev/eventing-natss/pkg/reconciler/controller/natss/resources/service.go:40.49,42.2 1 4
knative.dev/eventing-natss/pkg/reconciler/controller/natss/resources/service.go:46.63,47.41 1 1
knative.dev/eventing-natss/pkg/reconciler/controller/natss/resources/service.go:47.41,54.3 2 1
knative.dev/eventing-natss/pkg/reconciler/controller/natss/resources/service.go:60.95,87.27 2 3
knative.dev/eventing-natss/pkg/reconciler/controller/natss/resources/service.go:92.2,92.17 1 2
knative.dev/eventing-natss/pkg/reconciler/controller/natss/resources/service.go:87.27,88.34 1 2
knative.dev/eventing-natss/pkg/reconciler/controller/natss/resources/service.go:88.34,90.4 1 1
